Invalid SOS parameters for sequential JPEG
Invalid SOS parameters for sequential JPEG
Invalid SOS parameters for sequential JPEG
Invalid SOS parameters for sequential JPEG
Invalid SOS parameters for sequential JPEG
Invalid SOS parameters for sequential JPEG
Invalid SOS parameters for sequential JPEG
Invalid SOS parameters for sequential JPEG
Invalid SOS parameters for sequential JPEG
Invalid SOS parameters for sequential JPEG
Invalid SOS parameters for sequential JPEG
Invalid SOS parameters for sequential JPEG
Invalid SOS parameters for sequential JPEG
Invalid SOS parameters for sequential JPEG
Invalid SOS parameters for sequential JPEG
Invalid SOS parameters for sequential JPEG
Invalid SOS parameters for sequential JPEG
Invalid SOS parameters for sequential JPEG
Invalid SOS parameters for sequential JPEG
Invalid SOS parameters for sequential JPEG
Invalid SOS parameters for sequential JPEG
Invalid SOS parameters for sequential JPEG
Invalid SOS parameters for sequential JPEG
Invalid SOS parameters for sequential JPEG
Invalid SOS parameters for sequential JPEG
Invalid SOS parameters for sequential JPEG
Invalid SOS parameters for sequential JPEG
Invalid SOS parameters for sequential JPEG
Invalid SOS parameters for sequential JPEG
Invalid SOS parameters for sequential JPEG
Invalid SOS parameters for sequential JPEG
Invalid SOS parameters for sequential JPEG
Invalid SOS parameters for sequential JPEG
Invalid SOS parameters for sequential JPEG
Invalid SOS parameters for sequential JPEG
Invalid SOS parameters for sequential JPEG
Invalid SOS parameters for sequential JPEG
Invalid SOS parameters for sequential JPEG
Invalid SOS parameters for sequential JPEG
Invalid SOS parameters for sequential JPEG
Invalid SOS parameters for sequential JPEG
Invalid SOS parameters for sequential JPEG
Invalid SOS parameters for sequential JPEG
Invalid SOS parameters for sequential JPEG
Invalid SOS parameters for sequential JPEG
Invalid SOS parameters for sequential JPEG
Invalid SOS parameters for sequential JPEG
Invalid SOS parameters for sequential JPEG
Invalid SOS parameters for sequential JPEG
Invalid SOS parameters for sequential JPEG
Invalid SOS parameters for sequential JPEG
Invalid SOS parameters for sequential JPEG
Invalid SOS parameters for sequential JPEG
Invalid SOS parameters for sequential JPEG
Invalid SOS parameters for sequential JPEG
Invalid SOS parameters for sequential JPEG
Invalid SOS parameters for sequential JPEG
Invalid SOS parameters for sequential JPEG
Invalid SOS parameters for sequential JPEG
Invalid SOS parameters for sequential JPEG
Invalid SOS parameters for sequential JPEG
Invalid SOS parameters for sequential JPEG
Invalid SOS parameters for sequential JPEG
Invalid SOS parameters for sequential JPEG
Invalid SOS parameters for sequential JPEG
Invalid SOS parameters for sequential JPEG
Invalid SOS parameters for sequential JPEG
Invalid SOS parameters for sequential JPEG
Invalid SOS parameters for sequential JPEG
Invalid SOS parameters for sequential JPEG
Invalid SOS parameters for sequential JPEG
Invalid SOS parameters for sequential JPEG
Invalid SOS parameters for sequential JPEG
Invalid SOS parameters for sequential JPEG
Invalid SOS parameters for sequential JPEG
Invalid SOS parameters for sequential JPEG
Invalid SOS parameters for sequential JPEG
Invalid SOS parameters for sequential JPEG
Invalid SOS parameters for sequential JPEG
Invalid SOS parameters for sequential JPEG
Invalid SOS parameters for sequential JPEG
Invalid SOS parameters for sequential JPEG
Invalid SOS parameters for sequential JPEG
Invalid SOS parameters for sequential JPEG
Invalid SOS parameters for sequential JPEG
Invalid SOS parameters for sequential JPEG
Invalid SOS parameters for sequential JPEG
Invalid SOS parameters for sequential JPEG
Invalid SOS parameters for sequential JPEG
Invalid SOS parameters for sequential JPEG
Invalid SOS parameters for sequential JPEG
Invalid SOS parameters for sequential JPEG
Invalid SOS parameters for sequential JPEG
Invalid SOS parameters for sequential JPEG
Invalid SOS parameters for sequential JPEG
Invalid SOS parameters for sequential JPEG
Invalid SOS parameters for sequential JPEG
Invalid SOS parameters for sequential JPEG
Invalid SOS parameters for sequential JPEG
Invalid SOS parameters for sequential JPEG
Invalid SOS parameters for sequential JPEG
Invalid SOS parameters for sequential JPEG
Invalid SOS parameters for sequential JPEG
Invalid SOS parameters for sequential JPEG
Invalid SOS parameters for sequential JPEG
Invalid SOS parameters for sequential JPEG
Invalid SOS parameters for sequential JPEG
Invalid SOS parameters for sequential JPEG
Invalid SOS parameters for sequential JPEG
Invalid SOS parameters for sequential JPEG
Invalid SOS parameters for sequential JPEG
Invalid SOS parameters for sequential JPEG
Invalid SOS parameters for sequential JPEG
Invalid SOS parameters for sequential JPEG
Invalid SOS parameters for sequential JPEG
Invalid SOS parameters for sequential JPEG
Invalid SOS parameters for sequential JPEG
Invalid SOS parameters for sequential JPEG
Invalid SOS parameters for sequential JPEG
Invalid SOS parameters for sequential JPEG
Invalid SOS parameters for sequential JPEG
Invalid SOS parameters for sequential JPEG
Invalid SOS parameters for sequential JPEG
Invalid SOS parameters for sequential JPEG
Invalid SOS parameters for sequential JPEG
Invalid SOS parameters for sequential JPEG
Invalid SOS parameters for sequential JPEG
Invalid SOS parameters for sequential JPEG
Invalid SOS parameters for sequential JPEG
Invalid SOS parameters for sequential JPEG
Invalid SOS parameters for sequential JPEG
Invalid SOS parameters for sequential JPEG
Invalid SOS parameters for sequential JPEG
Invalid SOS parameters for sequential JPEG
Invalid SOS parameters for sequential JPEG
Invalid SOS parameters for sequential JPEG
Invalid SOS parameters for sequential JPEG
Invalid SOS parameters for sequential JPEG
Invalid SOS parameters for sequential JPEG
Invalid SOS parameters for sequential JPEG
Invalid SOS parameters for sequential JPEG
Invalid SOS parameters for sequential JPEG
Invalid SOS parameters for sequential JPEG
Invalid SOS parameters for sequential JPEG
Invalid SOS parameters for sequential JPEG
Invalid SOS parameters for sequential JPEG
Invalid SOS parameters for sequential JPEG
Invalid SOS parameters for sequential JPEG
Invalid SOS parameters for sequential JPEG
Invalid SOS parameters for sequential JPEG
Invalid SOS parameters for sequential JPEG
Invalid SOS parameters for sequential JPEG
Invalid SOS parameters for sequential JPEG
Invalid SOS parameters for sequential JPEG
Invalid SOS parameters for sequential JPEG
Invalid SOS parameters for sequential JPEG
Invalid SOS parameters for sequential JPEG
Invalid SOS parameters for sequential JPEG
Invalid SOS parameters for sequential JPEG
Invalid SOS parameters for sequential JPEG
Invalid SOS parameters for sequential JPEG
Invalid SOS parameters for sequential JPEG
Invalid SOS parameters for sequential JPEG
Invalid SOS parameters for sequential JPEG
Invalid SOS parameters for sequential JPEG
Invalid SOS parameters for sequential JPEG
Invalid SOS parameters for sequential JPEG
Invalid SOS parameters for sequential JPEG
Invalid SOS parameters for sequential JPEG
Invalid SOS parameters for sequential JPEG
Invalid SOS parameters for sequential JPEG
Invalid SOS parameters for sequential JPEG
Invalid SOS parameters for sequential JPEG
Invalid SOS parameters for sequential JPEG
Invalid SOS parameters for sequential JPEG
Invalid SOS parameters for sequential JPEG
Invalid SOS parameters for sequential JPEG
Invalid SOS parameters for sequential JPEG
Invalid SOS parameters for sequential JPEG
Invalid SOS parameters for sequential JPEG
Invalid SOS parameters for sequential JPEG
Invalid SOS parameters for sequential JPEG
Invalid SOS parameters for sequential JPEG
Invalid SOS parameters for sequential JPEG
Invalid SOS parameters for sequential JPEG
Invalid SOS parameters for sequential JPEG
Invalid SOS parameters for sequential JPEG
Invalid SOS parameters for sequential JPEG
Invalid SOS parameters for sequential JPEG
Invalid SOS parameters for sequential JPEG
Invalid SOS parameters for sequential JPEG
Invalid SOS parameters for sequential JPEG
Invalid SOS parameters for sequential JPEG
Invalid SOS parameters for sequential JPEG
Invalid SOS parameters for sequential JPEG
Invalid SOS parameters for sequential JPEG
Invalid SOS parameters for sequential JPEG
Invalid SOS parameters for sequential JPEG
Invalid SOS parameters for sequential JPEG
Invalid SOS parameters for sequential JPEG
Invalid SOS parameters for sequential JPEG
Invalid SOS parameters for sequential JPEG
Invalid SOS parameters for sequential JPEG
Invalid SOS parameters for sequential JPEG
Invalid SOS parameters for sequential JPEG
Invalid SOS parameters for sequential JPEG
Invalid SOS parameters for sequential JPEG
Invalid SOS parameters for sequential JPEG
Invalid SOS parameters for sequential JPEG
Invalid SOS parameters for sequential JPEG
Invalid SOS parameters for sequential JPEG
Invalid SOS parameters for sequential JPEG
Invalid SOS parameters for sequential JPEG
Invalid SOS parameters for sequential JPEG
Invalid SOS parameters for sequential JPEG
Invalid SOS parameters for sequential JPEG
Invalid SOS parameters for sequential JPEG
Invalid SOS parameters for sequential JPEG
Invalid SOS parameters for sequential JPEG
Invalid SOS parameters for sequential JPEG
Invalid SOS parameters for sequential JPEG
Invalid SOS parameters for sequential JPEG
Invalid SOS parameters for sequential JPEG
Invalid SOS parameters for sequential JPEG
Invalid SOS parameters for sequential JPEG
Invalid SOS parameters for sequential JPEG
Invalid SOS parameters for sequential JPEG
Invalid SOS parameters for sequential JPEG
Invalid SOS parameters for sequential JPEG
Invalid SOS parameters for sequential JPEG
Invalid SOS parameters for sequential JPEG
Invalid SOS parameters for sequential JPEG
Invalid SOS parameters for sequential JPEG
Invalid SOS parameters for sequential JPEG
Invalid SOS parameters for sequential JPEG
Invalid SOS parameters for sequential JPEG
Invalid SOS parameters for sequential JPEG
Invalid SOS parameters for sequential JPEG
Invalid SOS parameters for sequential JPEG
Invalid SOS parameters for sequential JPEG
Invalid SOS parameters for sequential JPEG
Invalid SOS parameters for sequential JPEG
Invalid SOS parameters for sequential JPEG
Invalid SOS parameters for sequential JPEG
Invalid SOS parameters for sequential JPEG
Invalid SOS parameters for sequential JPEG
Invalid SOS parameters for sequential JPEG
Invalid SOS parameters for sequential JPEG
Invalid SOS parameters for sequential JPEG
Invalid SOS parameters for sequential JPEG
Invalid SOS parameters for sequential JPEG
Invalid SOS parameters for sequential JPEG
Invalid SOS parameters for sequential JPEG
Invalid SOS parameters for sequential JPEG
Invalid SOS parameters for sequential JPEG
Invalid SOS parameters for sequential JPEG
Invalid SOS parameters for sequential JPEG
Invalid SOS parameters for sequential JPEG
Invalid SOS parameters for sequential JPEG
Invalid SOS parameters for sequential JPEG
Invalid SOS parameters for sequential JPEG
Invalid SOS parameters for sequential JPEG
Invalid SOS parameters for sequential JPEG
Invalid SOS parameters for sequential JPEG
Invalid SOS parameters for sequential JPEG
Invalid SOS parameters for sequential JPEG
Invalid SOS parameters for sequential JPEG
Invalid SOS parameters for sequential JPEG
Invalid SOS parameters for sequential JPEG
Invalid SOS parameters for sequential JPEG
Invalid SOS parameters for sequential JPEG
Invalid SOS parameters for sequential JPEG
Invalid SOS parameters for sequential JPEG
Invalid SOS parameters for sequential JPEG
Invalid SOS parameters for sequential JPEG
Invalid SOS parameters for sequential JPEG
Invalid SOS parameters for sequential JPEG
Invalid SOS parameters for sequential JPEG
Invalid SOS parameters for sequential JPEG
Invalid SOS parameters for sequential JPEG
Invalid SOS parameters for sequential JPEG
Invalid SOS parameters for sequential JPEG
Invalid SOS parameters for sequential JPEG
Invalid SOS parameters for sequential JPEG
Invalid SOS parameters for sequential JPEG
Invalid SOS parameters for sequential JPEG
Invalid SOS parameters for sequential JPEG
Invalid SOS parameters for sequential JPEG
Invalid SOS parameters for sequential JPEG
Invalid SOS parameters for sequential JPEG
Invalid SOS parameters for sequential JPEG
Invalid SOS parameters for sequential JPEG
Invalid SOS parameters for sequential JPEG
Invalid SOS parameters for sequential JPEG
Invalid SOS parameters for sequential JPEG
Invalid SOS parameters for sequential JPEG
Invalid SOS parameters for sequential JPEG
Invalid SOS parameters for sequential JPEG
Invalid SOS parameters for sequential JPEG
Invalid SOS parameters for sequential JPEG
Invalid SOS parameters for sequential JPEG
Invalid SOS parameters for sequential JPEG
Invalid SOS parameters for sequential JPEG
Invalid SOS parameters for sequential JPEG
Invalid SOS parameters for sequential JPEG
Invalid SOS parameters for sequential JPEG
Invalid SOS parameters for sequential JPEG
Invalid SOS parameters for sequential JPEG
Invalid SOS parameters for sequential JPEG
Invalid SOS parameters for sequential JPEG
Invalid SOS parameters for sequential JPEG
Invalid SOS parameters for sequential JPEG
Invalid SOS parameters for sequential JPEG
Invalid SOS parameters for sequential JPEG
Invalid SOS parameters for sequential JPEG
Invalid SOS parameters for sequential JPEG
Invalid SOS parameters for sequential JPEG
Invalid SOS parameters for sequential JPEG
Invalid SOS parameters for sequential JPEG
Invalid SOS parameters for sequential JPEG
Invalid SOS parameters for sequential JPEG
Invalid SOS parameters for sequential JPEG
Invalid SOS parameters for sequential JPEG
Invalid SOS parameters for sequential JPEG
Invalid SOS parameters for sequential JPEG
Invalid SOS parameters for sequential JPEG
Invalid SOS parameters for sequential JPEG
Invalid SOS parameters for sequential JPEG
Invalid SOS parameters for sequential JPEG
Invalid SOS parameters for sequential JPEG
Invalid SOS parameters for sequential JPEG
Invalid SOS parameters for sequential JPEG
Invalid SOS parameters for sequential JPEG
Invalid SOS parameters for sequential JPEG
Invalid SOS parameters for sequential JPEG
Invalid SOS parameters for sequential JPEG
Invalid SOS parameters for sequential JPEG
Invalid SOS parameters for sequential JPEG
Invalid SOS parameters for sequential JPEG
Invalid SOS parameters for sequential JPEG
Invalid SOS parameters for sequential JPEG
Invalid SOS parameters for sequential JPEG
Invalid SOS parameters for sequential JPEG
Invalid SOS parameters for sequential JPEG
Invalid SOS parameters for sequential JPEG
Invalid SOS parameters for sequential JPEG
Invalid SOS parameters for sequential JPEG
Invalid SOS parameters for sequential JPEG
Invalid SOS parameters for sequential JPEG
Invalid SOS parameters for sequential JPEG
Invalid SOS parameters for sequential JPEG
Invalid SOS parameters for sequential JPEG
Invalid SOS parameters for sequential JPEG
Invalid SOS parameters for sequential JPEG
Invalid SOS parameters for sequential JPEG
Invalid SOS parameters for sequential JPEG
Invalid SOS parameters for sequential JPEG
Invalid SOS parameters for sequential JPEG
Invalid SOS parameters for sequential JPEG
Invalid SOS parameters for sequential JPEG
Invalid SOS parameters for sequential JPEG
Invalid SOS parameters for sequential JPEG
Invalid SOS parameters for sequential JPEG
Invalid SOS parameters for sequential JPEG
Invalid SOS parameters for sequential JPEG
Invalid SOS parameters for sequential JPEG
Invalid SOS parameters for sequential JPEG
Invalid SOS parameters for sequential JPEG
Invalid SOS parameters for sequential JPEG
Invalid SOS parameters for sequential JPEG
Invalid SOS parameters for sequential JPEG
Invalid SOS parameters for sequential JPEG
Invalid SOS parameters for sequential JPEG
Invalid SOS parameters for sequential JPEG
Invalid SOS parameters for sequential JPEG
Invalid SOS parameters for sequential JPEG
Invalid SOS parameters for sequential JPEG
Invalid SOS parameters for sequential JPEG
Invalid SOS parameters for sequential JPEG
Invalid SOS parameters for sequential JPEG
Invalid SOS parameters for sequential JPEG
Invalid SOS parameters for sequential JPEG
Invalid SOS parameters for sequential JPEG
Invalid SOS parameters for sequential JPEG
Invalid SOS parameters for sequential JPEG
Invalid SOS parameters for sequential JPEG
Invalid SOS parameters for sequential JPEG
Invalid SOS parameters for sequential JPEG
Invalid SOS parameters for sequential JPEG
Invalid SOS parameters for sequential JPEG
Invalid SOS parameters for sequential JPEG
Invalid SOS parameters for sequential JPEG
Invalid SOS parameters for sequential JPEG
Invalid SOS parameters for sequential JPEG
Invalid SOS parameters for sequential JPEG
Invalid SOS parameters for sequential JPEG
Invalid SOS parameters for sequential JPEG
Invalid SOS parameters for sequential JPEG
Invalid SOS parameters for sequential JPEG
Invalid SOS parameters for sequential JPEG
Invalid SOS parameters for sequential JPEG
Invalid SOS parameters for sequential JPEG
Invalid SOS parameters for sequential JPEG
Invalid SOS parameters for sequential JPEG
Invalid SOS parameters for sequential JPEG
Invalid SOS parameters for sequential JPEG
Invalid SOS parameters for sequential JPEG
Invalid SOS parameters for sequential JPEG
Invalid SOS parameters for sequential JPEG
Invalid SOS parameters for sequential JPEG
Invalid SOS parameters for sequential JPEG
Invalid SOS parameters for sequential JPEG
Invalid SOS parameters for sequential JPEG
Invalid SOS parameters for sequential JPEG
Invalid SOS parameters for sequential JPEG
Invalid SOS parameters for sequential JPEG
Invalid SOS parameters for sequential JPEG
Invalid SOS parameters for sequential JPEG
Invalid SOS parameters for sequential JPEG
Invalid SOS parameters for sequential JPEG
Invalid SOS parameters for sequential JPEG
Invalid SOS parameters for sequential JPEG
Invalid SOS parameters for sequential JPEG
Invalid SOS parameters for sequential JPEG
Invalid SOS parameters for sequential JPEG
Invalid SOS parameters for sequential JPEG
Invalid SOS parameters for sequential JPEG
Invalid SOS parameters for sequential JPEG
Invalid SOS parameters for sequential JPEG
Invalid SOS parameters for sequential JPEG
Invalid SOS parameters for sequential JPEG
Invalid SOS parameters for sequential JPEG
Invalid SOS parameters for sequential JPEG
Invalid SOS parameters for sequential JPEG
Invalid SOS parameters for sequential JPEG
Invalid SOS parameters for sequential JPEG
Invalid SOS parameters for sequential JPEG
Invalid SOS parameters for sequential JPEG
Invalid SOS parameters for sequential JPEG
Invalid SOS parameters for sequential JPEG
Invalid SOS parameters for sequential JPEG
Invalid SOS parameters for sequential JPEG
Invalid SOS parameters for sequential JPEG
Invalid SOS parameters for sequential JPEG
Invalid SOS parameters for sequential JPEG
Invalid SOS parameters for sequential JPEG
Invalid SOS parameters for sequential JPEG
Invalid SOS parameters for sequential JPEG
Invalid SOS parameters for sequential JPEG
Invalid SOS parameters for sequential JPEG
Invalid SOS parameters for sequential JPEG
Invalid SOS parameters for sequential JPEG
Invalid SOS parameters for sequential JPEG
Invalid SOS parameters for sequential JPEG
Invalid SOS parameters for sequential JPEG
Invalid SOS parameters for sequential JPEG
Invalid SOS parameters for sequential JPEG
Invalid SOS parameters for sequential JPEG
Invalid SOS parameters for sequential JPEG
Invalid SOS parameters for sequential JPEG
Invalid SOS parameters for sequential JPEG
Invalid SOS parameters for sequential JPEG
Invalid SOS parameters for sequential JPEG
Invalid SOS parameters for sequential JPEG
Invalid SOS parameters for sequential JPEG
Invalid SOS parameters for sequential JPEG
Invalid SOS parameters for sequential JPEG
Invalid SOS parameters for sequential JPEG
Invalid SOS parameters for sequential JPEG
Invalid SOS parameters for sequential JPEG
Invalid SOS parameters for sequential JPEG
Invalid SOS parameters for sequential JPEG
Invalid SOS parameters for sequential JPEG
Invalid SOS parameters for sequential JPEG
Invalid SOS parameters for sequential JPEG
Invalid SOS parameters for sequential JPEG
Invalid SOS parameters for sequential JPEG
Invalid SOS parameters for sequential JPEG
Invalid SOS parameters for sequential JPEG
[info] 1560 imagens listadas em RoCoLe-classes.xlsx
  100/1560  (2.6s)
  200/1560  (8.6s)
  300/1560  (14.7s)
  400/1560  (20.2s)
  500/1560  (22.0s)
  600/1560  (23.5s)
  700/1560  (24.9s)
  800/1560  (25.9s)
  900/1560  (26.8s)
  1000/1560  (27.6s)
  1100/1560  (28.5s)
  1200/1560  (29.9s)
  1300/1560  (31.6s)
  1400/1560  (33.2s)
  1500/1560  (34.9s)
[ok] salvei 1560 linhas em /Users/natalia.salete/UFU-Mestrado/TCD-Etapa1/outputs/rocole_features.csv
[ok] 26 features numéricas geradas
